#
# There is insufficient memory for the Java Runtime Environment to continue.
# Native memory allocation (mmap) failed to map 2097152 bytes. Error detail: G1 virtual space
# Possible reasons:
#   The system is out of physical RAM or swap space
#   This process is running with CompressedOops enabled, and the Java Heap may be blocking the growth of the native heap
# Possible solutions:
#   Reduce memory load on the system
#   Increase physical memory or swap space
#   Check if swap backing store is full
#   Decrease Java heap size (-Xmx/-Xms)
#   Decrease number of Java threads
#   Decrease Java thread stack sizes (-Xss)
#   Set larger code cache with -XX:ReservedCodeCacheSize=
#   JVM is running with Unscaled Compressed Oops mode in which the Java heap is
#     placed in the first 4GB address space. The Java Heap base address is the
#     maximum limit for the native heap growth. Please use -XX:HeapBaseMinAddress
#     to set the Java Heap base and to place the Java Heap above 4GB virtual address.
# This output file may be truncated or incomplete.
#
#  Out of Memory Error (os_windows.cpp:3631), pid=10996, tid=1716
#
# JRE version:  (22.0.2+9) (build )
# Java VM: Java HotSpot(TM) 64-Bit Server VM (22.0.2+9-70, mixed mode, sharing, tiered, compressed oops, compressed class ptrs, g1 gc, windows-amd64)
# No core dump will be written. Minidumps are not enabled by default on client versions of Windows
#

---------------  S U M M A R Y ------------

Command Line: -javaagent:C:\Program Files\JetBrains\IntelliJ IDEA 2024.2.0.2\lib\idea_rt.jar=60946:C:\Program Files\JetBrains\IntelliJ IDEA 2024.2.0.2\bin -Dfile.encoding=UTF-8 -Dsun.stdout.encoding=UTF-8 -Dsun.stderr.encoding=UTF-8 Aoc2020Dec04.Aoc2020dec04BKt

Host: Intel(R) Core(TM) i3-8130U CPU @ 2.20GHz, 4 cores, 7G,  Windows 11 , 64 bit Build 22621 (10.0.22621.4830)
Time: Tue Mar  4 19:12:52 2025 Västeuropa, normaltid elapsed time: 0.034888 seconds (0d 0h 0m 0s)

---------------  T H R E A D  ---------------

Current thread (0x000001b759733f20):  JavaThread "Unknown thread" [_thread_in_vm, id=1716, stack(0x0000001d79a00000,0x0000001d79b00000) (1024K)]

Stack: [0x0000001d79a00000,0x0000001d79b00000]
Native frames: (J=compiled Java code, j=interpreted, Vv=VM code, C=native code)
V  [jvm.dll+0x6e26e9]  (no source info available)
V  [jvm.dll+0x875753]  (no source info available)
V  [jvm.dll+0x877b7e]  (no source info available)
V  [jvm.dll+0x878253]  (no source info available)
V  [jvm.dll+0x27fc86]  (no source info available)
V  [jvm.dll+0x6ded85]  (no source info available)
V  [jvm.dll+0x6d388a]  (no source info available)
V  [jvm.dll+0x358b8a]  (no source info available)
V  [jvm.dll+0x3610b6]  (no source info available)
V  [jvm.dll+0x3b41b3]  (no source info available)
V  [jvm.dll+0x3b4448]  (no source info available)
V  [jvm.dll+0x32c5ec]  (no source info available)
V  [jvm.dll+0x32d258]  (no source info available)
V  [jvm.dll+0x83d5ac]  (no source info available)
V  [jvm.dll+0x3c10d1]  (no source info available)
V  [jvm.dll+0x8264cc]  (no source info available)
V  [jvm.dll+0x45bd5e]  (no source info available)
V  [jvm.dll+0x45dbe1]  (no source info available)
C  [jli.dll+0x52a3]  (no source info available)
C  [ucrtbase.dll+0x29333]  (no source info available)
C  [KERNEL32.DLL+0x1259d]  (no source info available)
C  [ntdll.dll+0x5af38]  (no source info available)


---------------  P R O C E S S  ---------------

Threads class SMR info:
_java_thread_list=0x00007ffc0689c1c8, length=0, elements={
}

Java Threads: ( => current thread )
Total: 0

Other Threads:
  0x000001b759891310 WorkerThread "GC Thread#0"                     [id=4848, stack(0x0000001d79b00000,0x0000001d79c00000) (1024K)]
  0x000001b7598a2990 ConcurrentGCThread "G1 Main Marker"            [id=43492, stack(0x0000001d79c00000,0x0000001d79d00000) (1024K)]
  0x000001b7598a3c40 WorkerThread "G1 Conc#0"                       [id=46412, stack(0x0000001d79d00000,0x0000001d79e00000) (1024K)]

[error occurred during error reporting (printing all threads), id 0xc0000005, EXCEPTION_ACCESS_VIOLATION (0xc0000005) at pc=0x00007ffc05fef517]
VM state: not at safepoint (not fully initialized)

VM Mutex/Monitor currently owned by a thread:  ([mutex/lock_event])
[0x00007ffc0691cc80] Heap_lock - owner thread: 0x000001b759733f20

Heap address: 0x0000000081a00000, size: 2022 MB, Compressed Oops mode: 32-bit

CDS archive(s) mapped at: [0x0000000000000000-0x0000000000000000-0x0000000000000000), size 0, SharedBaseAddress: 0x0000000800000000, ArchiveRelocationMode: 1.
Narrow klass base: 0x0000000000000000, Narrow klass shift: 0, Narrow klass range: 0x0

GC Precious Log:
 CardTable entry size: 512
 Card Set container configuration: InlinePtr #cards 5 size 8 Array Of Cards #cards 12 size 40 Howl #buckets 4 coarsen threshold 1843 Howl Bitmap #cards 512 size 80 coarsen threshold 460 Card regions per heap region 1 cards per card region 2048

Heap:
 garbage-first heap   total reserved 2070528K, committed 0K, used 0K [0x0000000081a00000, 0x0000000100000000)
  region size 1024K, 0 young (0K), 0 survivors (0K)

[error occurred during error reporting (printing heap information), id 0xc0000005, EXCEPTION_ACCESS_VIOLATION (0xc0000005) at pc=0x00007ffc063ee869]
GC Heap History (0 events):
No events

Dll operation events (1 events):
Event: 0.024 Loaded shared library C:\Program Files\Java\jdk-22\bin\java.dll

Deoptimization events (0 events):
No events

Classes loaded (0 events):
No events

Classes unloaded (0 events):
No events

Classes redefined (0 events):
No events

Internal exceptions (0 events):
No events

ZGC Phase Switch (0 events):
No events

VM Operations (0 events):
No events

Memory protections (0 events):
No events

Nmethod flushes (0 events):
No events

Events (0 events):
No events


Dynamic libraries:
0x00007ff7af8b0000 - 0x00007ff7af8c0000 	C:\Program Files\Java\jdk-22\bin\java.exe
0x00007ffc3bb90000 - 0x00007ffc3bda7000 	C:\WINDOWS\SYSTEM32\ntdll.dll
0x00007ffc3af60000 - 0x00007ffc3b024000 	C:\WINDOWS\System32\KERNEL32.DLL
0x00007ffc390d0000 - 0x00007ffc394a0000 	C:\WINDOWS\System32\KERNELBASE.dll
0x00007ffc394a0000 - 0x00007ffc395b1000 	C:\WINDOWS\System32\ucrtbase.dll
0x00007ffc11670000 - 0x00007ffc11687000 	C:\Program Files\Java\jdk-22\bin\jli.dll
0x00007ffc3a090000 - 0x00007ffc3a23e000 	C:\WINDOWS\System32\USER32.dll
0x00007ffc39850000 - 0x00007ffc39876000 	C:\WINDOWS\System32\win32u.dll
0x00007ffc3b5d0000 - 0x00007ffc3b5f9000 	C:\WINDOWS\System32\GDI32.dll
0x00007ffc10080000 - 0x00007ffc1009b000 	C:\Program Files\Java\jdk-22\bin\VCRUNTIME140.dll
0x00007ffc38f00000 - 0x00007ffc3901b000 	C:\WINDOWS\System32\gdi32full.dll
0x00007ffc27560000 - 0x00007ffc277f2000 	C:\WINDOWS\WinSxS\amd64_microsoft.windows.common-controls_6595b64144ccf1df_6.0.22621.4830_none_270fe7d773858e80\COMCTL32.dll
0x00007ffc395c0000 - 0x00007ffc3965a000 	C:\WINDOWS\System32\msvcp_win.dll
0x00007ffc39d30000 - 0x00007ffc39dd7000 	C:\WINDOWS\System32\msvcrt.dll
0x00007ffc39de0000 - 0x00007ffc39e11000 	C:\WINDOWS\System32\IMM32.DLL
0x00007ffc309f0000 - 0x00007ffc309fc000 	C:\Program Files\Java\jdk-22\bin\vcruntime140_1.dll
0x00007ffc081f0000 - 0x00007ffc0827e000 	C:\Program Files\Java\jdk-22\bin\msvcp140.dll
0x00007ffc05cb0000 - 0x00007ffc069f9000 	C:\Program Files\Java\jdk-22\bin\server\jvm.dll
0x00007ffc39ab0000 - 0x00007ffc39b61000 	C:\WINDOWS\System32\ADVAPI32.dll
0x00007ffc3b8b0000 - 0x00007ffc3b957000 	C:\WINDOWS\System32\sechost.dll
0x00007ffc39020000 - 0x00007ffc39048000 	C:\WINDOWS\System32\bcrypt.dll
0x00007ffc3b960000 - 0x00007ffc3ba74000 	C:\WINDOWS\System32\RPCRT4.dll
0x00007ffc3bad0000 - 0x00007ffc3bb41000 	C:\WINDOWS\System32\WS2_32.dll
0x00007ffc37ce0000 - 0x00007ffc37d2d000 	C:\WINDOWS\SYSTEM32\POWRPROF.dll
0x00007ffc307a0000 - 0x00007ffc307d4000 	C:\WINDOWS\SYSTEM32\WINMM.dll
0x00007ffc302c0000 - 0x00007ffc302ca000 	C:\WINDOWS\SYSTEM32\VERSION.dll
0x00007ffc37cc0000 - 0x00007ffc37cd3000 	C:\WINDOWS\SYSTEM32\UMPDC.dll
0x00007ffc37f10000 - 0x00007ffc37f28000 	C:\WINDOWS\SYSTEM32\kernel.appcore.dll
0x00007ffc309a0000 - 0x00007ffc309aa000 	C:\Program Files\Java\jdk-22\bin\jimage.dll
0x00007ffc36940000 - 0x00007ffc36b72000 	C:\WINDOWS\SYSTEM32\DBGHELP.DLL
0x00007ffc3abd0000 - 0x00007ffc3af60000 	C:\WINDOWS\System32\combase.dll
0x00007ffc398a0000 - 0x00007ffc39977000 	C:\WINDOWS\System32\OLEAUT32.dll
0x00007ffc205e0000 - 0x00007ffc20612000 	C:\WINDOWS\SYSTEM32\dbgcore.DLL
0x00007ffc39050000 - 0x00007ffc390cb000 	C:\WINDOWS\System32\bcryptPrimitives.dll
0x00007ffc13650000 - 0x00007ffc1365f000 	C:\Program Files\Java\jdk-22\bin\instrument.dll
0x00007ffc10060000 - 0x00007ffc1007e000 	C:\Program Files\Java\jdk-22\bin\java.dll
0x00007ffc3a2f0000 - 0x00007ffc3ab68000 	C:\WINDOWS\System32\SHELL32.dll
0x00007ffc3b6f0000 - 0x00007ffc3b891000 	C:\WINDOWS\System32\ole32.dll

dbghelp: loaded successfully - version: 4.0.5 - missing functions: none
symbol engine: initialized successfully - sym options: 0x614 - pdb path: .;C:\Program Files\Java\jdk-22\bin;C:\WINDOWS\SYSTEM32;C:\WINDOWS\WinSxS\amd64_microsoft.windows.common-controls_6595b64144ccf1df_6.0.22621.4830_none_270fe7d773858e80;C:\Program Files\Java\jdk-22\bin\server

VM Arguments:
jvm_args: -javaagent:C:\Program Files\JetBrains\IntelliJ IDEA 2024.2.0.2\lib\idea_rt.jar=60946:C:\Program Files\JetBrains\IntelliJ IDEA 2024.2.0.2\bin -Dfile.encoding=UTF-8 -Dsun.stdout.encoding=UTF-8 -Dsun.stderr.encoding=UTF-8 
java_command: Aoc2020Dec04.Aoc2020dec04BKt
java_class_path (initial): C:\Users\Karina\IdeaProjects\FunkProgKotl\out\production\FunkProgKotl;C:\Users\Karina\.m2\repository\org\jetbrains\kotlin\kotlin-stdlib\2.0.20\kotlin-stdlib-2.0.20.jar;C:\Users\Karina\.m2\repository\org\jetbrains\annotations\13.0\annotations-13.0.jar
Launcher Type: SUN_STANDARD

[Global flags]
     intx CICompilerCount                          = 3                                         {product} {ergonomic}
     uint ConcGCThreads                            = 1                                         {product} {ergonomic}
     uint G1ConcRefinementThreads                  = 4                                         {product} {ergonomic}
   size_t G1HeapRegionSize                         = 1048576                                   {product} {ergonomic}
   size_t InitialHeapSize                          = 134217728                                 {product} {ergonomic}
   size_t MarkStackSize                            = 4194304                                   {product} {ergonomic}
   size_t MaxHeapSize                              = 2120220672                                {product} {ergonomic}
   size_t MinHeapDeltaBytes                        = 1048576                                   {product} {ergonomic}
   size_t MinHeapSize                              = 8388608                                   {product} {ergonomic}
    uintx NonNMethodCodeHeapSize                   = 5832780                                {pd product} {ergonomic}
    uintx NonProfiledCodeHeapSize                  = 122912730                              {pd product} {ergonomic}
    uintx ProfiledCodeHeapSize                     = 122912730                              {pd product} {ergonomic}
    uintx ReservedCodeCacheSize                    = 251658240                              {pd product} {ergonomic}
     bool SegmentedCodeCache                       = true                                      {product} {ergonomic}
   size_t SoftMaxHeapSize                          = 2120220672                             {manageable} {ergonomic}
     bool UseCompressedOops                        = true                           {product lp64_product} {ergonomic}
     bool UseG1GC                                  = true                                      {product} {ergonomic}
     bool UseLargePagesIndividualAllocation        = false                                  {pd product} {ergonomic}

Logging:
Log output configuration:
 #0: stdout all=warning uptime,level,tags foldmultilines=false
 #1: stderr all=off uptime,level,tags foldmultilines=false

Environment Variables:
PATH=C:\Program Files\Common Files\Oracle\Java\javapath;C:\WINDOWS\system32;C:\WINDOWS;C:\WINDOWS\System32\Wbem;C:\WINDOWS\System32\WindowsPowerShell\v1.0\;C:\WINDOWS\System32\OpenSSH\;C:\Program Files\Intel\WiFi\bin\;C:\Program Files\Common Files\Intel\WirelessCommon\;C:\Program Files\dotnet\;C:\Program Files\Git\cmd;C:\Users\Karina\AppData\Local\Programs\Eclipse Adoptium\jdk-11.0.24.8-hotspot\bin;C:\Users\Karina\AppData\Local\Microsoft\WindowsApps;C:\Users\Karina\.dotnet\tools;C:\Users\Karina\AppData\Local\JetBrains\Toolbox\scripts;
USERNAME=Karina
OS=Windows_NT
PROCESSOR_IDENTIFIER=Intel64 Family 6 Model 142 Stepping 10, GenuineIntel
TMP=C:\Users\Karina\AppData\Local\Temp
TEMP=C:\Users\Karina\AppData\Local\Temp




Periodic native trim disabled

---------------  S Y S T E M  ---------------

OS:
 Windows 11 , 64 bit Build 22621 (10.0.22621.4830)
OS uptime: 11 days 23:37 hours

CPU: total 4 (initial active 4) (2 cores per cpu, 2 threads per core) family 6 model 142 stepping 10 microcode 0xf4, cx8, cmov, fxsr, ht, mmx, 3dnowpref, sse, sse2, sse3, ssse3, sse4.1, sse4.2, popcnt, lzcnt, tsc, tscinvbit, avx, avx2, aes, erms, clmul, bmi1, bmi2, adx, fma, vzeroupper, clflush, clflushopt, rdtscp, f16c
Processor Information for all 4 processors :
  Max Mhz: 2208, Current Mhz: 2208, Mhz Limit: 2208

Memory: 4k page, system-wide physical 8087M (406M free)
TotalPageFile size 23236M (AvailPageFile size 3M)
current process WorkingSet (physical memory assigned to process): 12M, peak: 12M
current process commit charge ("private bytes"): 180M, peak: 182M

vm_info: Java HotSpot(TM) 64-Bit Server VM (22.0.2+9-70) for windows-amd64 JRE (22.0.2+9-70), built on 2024-06-04T16:52:23Z by "mach5one" with MS VC++ 17.6 (VS2022)

END.
